#
# There is insufficient memory for the Java Runtime Environment to continue.
# Native memory allocation (mmap) failed to map 10002432 bytes for committing reserved memory.
# Possible reasons:
#   The system is out of physical RAM or swap space
#   In 32 bit mode, the process size limit was hit
# Possible solutions:
#   Reduce memory load on the system
#   Increase physical memory or swap space
#   Check if swap backing store is full
#   Use 64 bit Java on a 64 bit OS
#   Decrease Java heap size (-Xmx/-Xms)
#   Decrease number of Java threads
#   Decrease Java thread stack sizes (-Xss)
#   Set larger code cache with -XX:ReservedCodeCacheSize=
# This output file may be truncated or incomplete.
#
#  Out of Memory Error (os_linux.cpp:2651), pid=14231, tid=0x00007f151ce30700
#
# JRE version: OpenJDK Runtime Environment (8.0_161-b14) (build 1.8.0_161-b14)
# Java VM: OpenJDK 64-Bit Server VM (25.161-b14 mixed mode linux-amd64 compressed oops)
# Failed to write core dump. Core dumps have been disabled. To enable core dumping, try "ulimit -c unlimited" before starting Java again
#

---------------  T H R E A D  ---------------

Current thread (0x00007f152c07b2d0):  VMThread [stack: 0x00007f151cd30000,0x00007f151ce31000] [id=14249]

Stack: [0x00007f151cd30000,0x00007f151ce31000],  sp=0x00007f151ce2f000,  free space=1020k
Native frames: (J=compiled Java code, j=interpreted, Vv=VM code, C=native code)
V  [libjvm.so+0xab44bd]
V  [libjvm.so+0x4ec94a]
V  [libjvm.so+0x8b0e58]
V  [libjvm.so+0x8ab38e]
V  [libjvm.so+0xab1274]
V  [libjvm.so+0x5da9fd]
V  [libjvm.so+0x5dad7d]
V  [libjvm.so+0x5dae88]
V  [libjvm.so+0x5ccc86]
V  [libjvm.so+0x4f3629]
V  [libjvm.so+0x627a07]
V  [libjvm.so+0x9d8023]
V  [libjvm.so+0x4f11a0]
V  [libjvm.so+0x5cc25f]
V  [libjvm.so+0x4f2750]
V  [libjvm.so+0x5cb414]
V  [libjvm.so+0x47ce22]
V  [libjvm.so+0xab5471]
V  [libjvm.so+0xaba837]
V  [libjvm.so+0xab9148]
V  [libjvm.so+0xab9619]
V  [libjvm.so+0xab9a71]
V  [libjvm.so+0x8ae1b2]

VM_Operation (0x00007f1533d7d3e0): GenCollectForAllocation, mode: safepoint, requested by thread 0x00007f152c009890


---------------  P R O C E S S  ---------------

Java Threads: ( => current thread )
  0x00007f152c0c4090 JavaThread "Service Thread" daemon [_thread_blocked, id=14255, stack(0x00007f151c72a000,0x00007f151c82b000)]
  0x00007f152c0b53c0 JavaThread "C1 CompilerThread1" daemon [_thread_blocked, id=14254, stack(0x00007f151c82b000,0x00007f151c92c000)]
  0x00007f152c0b3820 JavaThread "C2 CompilerThread0" daemon [_thread_blocked, id=14253, stack(0x00007f151c92c000,0x00007f151ca2d000)]
  0x00007f152c0b1ee0 JavaThread "Signal Dispatcher" daemon [_thread_blocked, id=14252, stack(0x00007f151ca2d000,0x00007f151cb2e000)]
  0x00007f152c088a50 JavaThread "Finalizer" daemon [_thread_blocked, id=14251, stack(0x00007f151cb2e000,0x00007f151cc2f000)]
  0x00007f152c0847e0 JavaThread "Reference Handler" daemon [_thread_blocked, id=14250, stack(0x00007f151cc2f000,0x00007f151cd30000)]
  0x00007f152c009890 JavaThread "main" [_thread_blocked, id=14248, stack(0x00007f1533c80000,0x00007f1533d81000)]

Other Threads:
=>0x00007f152c07b2d0 VMThread [stack: 0x00007f151cd30000,0x00007f151ce31000] [id=14249]
  0x00007f152c01b6c0 WatcherThread [stack: 0x00007f151c629000,0x00007f151c72a000] [id=14256]

VM state:at safepoint (normal execution)

VM Mutex/Monitor currently owned by a thread:  ([mutex/lock_event])
[0x00007f152c007340] Threads_lock - owner thread: 0x00007f152c07b2d0
[0x00007f152c007840] Heap_lock - owner thread: 0x00007f152c009890

Heap:
 def new generation   total 25152K, used 22481K [0x00000000f0800000, 0x00000000f2340000, 0x00000000f5aa0000)
  eden space 22400K, 100% used [0x00000000f0800000, 0x00000000f1de0000, 0x00000000f1de0000)
  from space 2752K,   2% used [0x00000000f2090000, 0x00000000f20a4668, 0x00000000f2340000)
  to   space 2752K,  11% used [0x00000000f1de0000, 0x00000000f1e305a8, 0x00000000f2090000)
 tenured generation   total 55780K, used 52998K [0x00000000f5aa0000, 0x00000000f9119000, 0x0000000100000000)
   the space 55780K,  95% used [0x00000000f5aa0000, 0x00000000f8e61918, 0x00000000f8e61a00, 0x00000000f9119000)
 Metaspace       used 26490K, capacity 27064K, committed 27392K, reserved 1073152K
  class space    used 3010K, capacity 3253K, committed 3328K, reserved 1048576K

Card table byte_map: [0x00007f1533bfb000,0x00007f1533c78000] byte_map_base: 0x00007f1533477000

Polling page: 0x00007f1533d8c000

CodeCache: size=245760Kb used=10270Kb max_used=10874Kb free=235489Kb
 bounds [0x00007f151d000000, 0x00007f151dab0000, 0x00007f152c000000]
 total_blobs=3598 nmethods=3165 adapters=346
 compilation: enabled

Compilation events (10 events):
Event: 99.029 Thread 0x00007f152c0b53c0 nmethod 3407 0x00007f151d15fb10 code [0x00007f151d15fce0, 0x00007f151d1601e8]
Event: 99.780 Thread 0x00007f152c0b53c0 3412       1       java.util.Arrays$ArrayList::get (7 bytes)
Event: 105.462 Thread 0x00007f152c0b53c0 nmethod 3412 0x00007f151d27f850 code [0x00007f151d27f9a0, 0x00007f151d27fad0]
Event: 105.884 Thread 0x00007f152c0b53c0 3419       2       sun.security.ssl.SSLAlgorithmDecomposer::decompose (74 bytes)
Event: 164.809 Thread 0x00007f152c0b53c0 nmethod 3419 0x00007f151d173790 code [0x00007f151d173940, 0x00007f151d173cb8]
Event: 165.121 Thread 0x00007f152c0b53c0 3435       2       java.util.Arrays::equals (54 bytes)
Event: 176.491 Thread 0x00007f152c0b53c0 nmethod 3435 0x00007f151d1260d0 code [0x00007f151d126240, 0x00007f151d126470]
Event: 176.510 Thread 0x00007f152c0b53c0 3456 %     3       com.sun.crypto.provider.GCTR::update @ 99 (158 bytes)
Event: 187.800 Thread 0x00007f152c0b53c0 nmethod 3456% 0x00007f151d449dd0 code [0x00007f151d449fe0, 0x00007f151d44aa08]
Event: 187.805 Thread 0x00007f152c0b53c0 3463       2       com.sun.crypto.provider.GHASH::update (60 bytes)

GC Heap History (10 events):
Event: 7.295 GC heap after
Heap after GC invocations=41 (full 2):
 def new generation   total 10624K, used 0K [0x00000000f0800000, 0x00000000f1380000, 0x00000000f5aa0000)
  eden space 9472K,   0% used [0x00000000f0800000, 0x00000000f0800000, 0x00000000f1140000)
  from space 1152K,   0% used [0x00000000f1140000, 0x00000000f1140000, 0x00000000f1260000)
  to   space 1152K,   0% used [0x00000000f1260000, 0x00000000f1260000, 0x00000000f1380000)
 tenured generation   total 23516K, used 14109K [0x00000000f5aa0000, 0x00000000f7197000, 0x0000000100000000)
   the space 23516K,  59% used [0x00000000f5aa0000, 0x00000000f68674d8, 0x00000000f6867600, 0x00000000f7197000)
 Metaspace       used 24595K, capacity 25154K, committed 25344K, reserved 1071104K
  class space    used 2776K, capacity 3026K, committed 3072K, reserved 1048576K
}
Event: 7.615 GC heap before
{Heap before GC invocations=41 (full 2):
 def new generation   total 10624K, used 8622K [0x00000000f0800000, 0x00000000f1380000, 0x00000000f5aa0000)
  eden space 9472K,  91% used [0x00000000f0800000, 0x00000000f106b8f0, 0x00000000f1140000)
  from space 1152K,   0% used [0x00000000f1140000, 0x00000000f1140000, 0x00000000f1260000)
  to   space 1152K,   0% used [0x00000000f1260000, 0x00000000f1260000, 0x00000000f1380000)
 tenured generation   total 23516K, used 14109K [0x00000000f5aa0000, 0x00000000f7197000, 0x0000000100000000)
   the space 23516K,  59% used [0x00000000f5aa0000, 0x00000000f68674d8, 0x00000000f6867600, 0x00000000f7197000)
 Metaspace       used 26207K, capacity 26726K, committed 27008K, reserved 1073152K
  class space    used 2976K, capacity 3186K, committed 3200K, reserved 1048576K
Event: 7.662 GC heap after
Heap after GC invocations=42 (full 3):
 def new generation   total 11264K, used 0K [0x00000000f0800000, 0x00000000f1430000, 0x00000000f5aa0000)
  eden space 10048K,   0% used [0x00000000f0800000, 0x00000000f0800000, 0x00000000f11d0000)
  from space 1216K,   0% used [0x00000000f11d0000, 0x00000000f11d0000, 0x00000000f1300000)
  to   space 1216K,   0% used [0x00000000f1300000, 0x00000000f1300000, 0x00000000f1430000)
 tenured generation   total 24932K, used 14958K [0x00000000f5aa0000, 0x00000000f72f9000, 0x0000000100000000)
   the space 24932K,  59% used [0x00000000f5aa0000, 0x00000000f693bb80, 0x00000000f693bc00, 0x00000000f72f9000)
 Metaspace       used 26207K, capacity 26726K, committed 27008K, reserved 1073152K
  class space    used 2976K, capacity 3186K, committed 3200K, reserved 1048576K
}
Event: 7.665 GC heap before
{Heap before GC invocations=42 (full 3):
 def new generation   total 11264K, used 9964K [0x00000000f0800000, 0x00000000f1430000, 0x00000000f5aa0000)
  eden space 10048K,  99% used [0x00000000f0800000, 0x00000000f11bb1d0, 0x00000000f11d0000)
  from space 1216K,   0% used [0x00000000f11d0000, 0x00000000f11d0000, 0x00000000f1300000)
  to   space 1216K,   0% used [0x00000000f1300000, 0x00000000f1300000, 0x00000000f1430000)
 tenured generation   total 24932K, used 14958K [0x00000000f5aa0000, 0x00000000f72f9000, 0x0000000100000000)
   the space 24932K,  59% used [0x00000000f5aa0000, 0x00000000f693bb80, 0x00000000f693bc00, 0x00000000f72f9000)
 Metaspace       used 26214K, capacity 26726K, committed 27008K, reserved 1073152K
  class space    used 2977K, capacity 3186K, committed 3200K, reserved 1048576K
Event: 7.670 GC heap after
Heap after GC invocations=43 (full 3):
 def new generation   total 11264K, used 16K [0x00000000f0800000, 0x00000000f1430000, 0x00000000f5aa0000)
  eden space 10048K,   0% used [0x00000000f0800000, 0x00000000f0800000, 0x00000000f11d0000)
  from space 1216K,   1% used [0x00000000f1300000, 0x00000000f13043b8, 0x00000000f1430000)
  to   space 1216K,   0% used [0x00000000f11d0000, 0x00000000f11d0000, 0x00000000f1300000)
 tenured generation   total 24932K, used 24724K [0x00000000f5aa0000, 0x00000000f72f9000, 0x0000000100000000)
   the space 24932K,  99% used [0x00000000f5aa0000, 0x00000000f72c5210, 0x00000000f72c5400, 0x00000000f72f9000)
 Metaspace       used 26214K, capacity 26726K, committed 27008K, reserved 1073152K
  class space    used 2977K, capacity 3186K, committed 3200K, reserved 1048576K
}
Event: 7.671 GC heap before
{Heap before GC invocations=43 (full 3):
 def new generation   total 11264K, used 9981K [0x00000000f0800000, 0x00000000f1430000, 0x00000000f5aa0000)
  eden space 10048K,  99% used [0x00000000f0800000, 0x00000000f11bb170, 0x00000000f11d0000)
  from space 1216K,   1% used [0x00000000f1300000, 0x00000000f13043b8, 0x00000000f1430000)
  to   space 1216K,   0% used [0x00000000f11d0000, 0x00000000f11d0000, 0x00000000f1300000)
 tenured generation   total 24932K, used 24724K [0x00000000f5aa0000, 0x00000000f72f9000, 0x0000000100000000)
   the space 24932K,  99% used [0x00000000f5aa0000, 0x00000000f72c5210, 0x00000000f72c5400, 0x00000000f72f9000)
 Metaspace       used 26214K, capacity 26726K, committed 27008K, reserved 1073152K
  class space    used 2977K, capacity 3186K, committed 3200K, reserved 1048576K
Event: 7.750 GC heap after
Heap after GC invocations=44 (full 4):
 def new generation   total 25152K, used 0K [0x00000000f0800000, 0x00000000f2340000, 0x00000000f5aa0000)
  eden space 22400K,   0% used [0x00000000f0800000, 0x00000000f0800000, 0x00000000f1de0000)
  from space 2752K,   0% used [0x00000000f1de0000, 0x00000000f1de0000, 0x00000000f2090000)
  to   space 2752K,   0% used [0x00000000f2090000, 0x00000000f2090000, 0x00000000f2340000)
 tenured generation   total 55780K, used 33466K [0x00000000f5aa0000, 0x00000000f9119000, 0x0000000100000000)
   the space 55780K,  59% used [0x00000000f5aa0000, 0x00000000f7b4ebf8, 0x00000000f7b4ec00, 0x00000000f9119000)
 Metaspace       used 26214K, capacity 26726K, committed 27008K, reserved 1073152K
  class space    used 2977K, capacity 3186K, committed 3200K, reserved 1048576K
}
Event: 7.796 GC heap before
{Heap before GC invocations=44 (full 4):
 def new generation   total 25152K, used 20416K [0x00000000f0800000, 0x00000000f2340000, 0x00000000f5aa0000)
  eden space 22400K,  91% used [0x00000000f0800000, 0x00000000f1bf02b8, 0x00000000f1de0000)
  from space 2752K,   0% used [0x00000000f1de0000, 0x00000000f1de0000, 0x00000000f2090000)
  to   space 2752K,   0% used [0x00000000f2090000, 0x00000000f2090000, 0x00000000f2340000)
 tenured generation   total 55780K, used 33466K [0x00000000f5aa0000, 0x00000000f9119000, 0x0000000100000000)
   the space 55780K,  59% used [0x00000000f5aa0000, 0x00000000f7b4ebf8, 0x00000000f7b4ec00, 0x00000000f9119000)
 Metaspace       used 26305K, capacity 26854K, committed 27136K, reserved 1073152K
  class space    used 2990K, capacity 3250K, committed 3328K, reserved 1048576K
Event: 22.537 GC heap after
Heap after GC invocations=45 (full 4):
 def new generation   total 25152K, used 81K [0x00000000f0800000, 0x00000000f2340000, 0x00000000f5aa0000)
  eden space 22400K,   0% used [0x00000000f0800000, 0x00000000f0800000, 0x00000000f1de0000)
  from space 2752K,   2% used [0x00000000f2090000, 0x00000000f20a4668, 0x00000000f2340000)
  to   space 2752K,   0% used [0x00000000f1de0000, 0x00000000f1de0000, 0x00000000f2090000)
 tenured generation   total 55780K, used 52998K [0x00000000f5aa0000, 0x00000000f9119000, 0x0000000100000000)
   the space 55780K,  95% used [0x00000000f5aa0000, 0x00000000f8e61918, 0x00000000f8e61a00, 0x00000000f9119000)
 Metaspace       used 26305K, capacity 26854K, committed 27136K, reserved 1073152K
  class space    used 2990K, capacity 3250K, committed 3328K, reserved 1048576K
}
Event: 187.809 GC heap before
{Heap before GC invocations=45 (full 4):
 def new generation   total 25152K, used 22481K [0x00000000f0800000, 0x00000000f2340000, 0x00000000f5aa0000)
  eden space 22400K, 100% used [0x00000000f0800000, 0x00000000f1de0000, 0x00000000f1de0000)
  from space 2752K,   2% used [0x00000000f2090000, 0x00000000f20a4668, 0x00000000f2340000)
  to   space 2752K,   0% used [0x00000000f1de0000, 0x00000000f1de0000, 0x00000000f2090000)
 tenured generation   total 55780K, used 52998K [0x00000000f5aa0000, 0x00000000f9119000, 0x0000000100000000)
   the space 55780K,  95% used [0x00000000f5aa0000, 0x00000000f8e61918, 0x00000000f8e61a00, 0x00000000f9119000)
 Metaspace       used 26490K, capacity 27064K, committed 27392K, reserved 1073152K
  class space    used 3010K, capacity 3253K, committed 3328K, reserved 1048576K

Deoptimization events (10 events):
Event: 6.850 Thread 0x00007f152c009890 Uncommon trap: reason=speculate_class_check action=maybe_recompile pc=0x00007f151d86c3f8 method=java.nio.charset.CharsetDecoder.decode(Ljava/nio/ByteBuffer;Ljava/nio/CharBuffer;Z)Ljava/nio/charset/CoderResult; @ 57
Event: 7.087 Thread 0x00007f152c009890 Uncommon trap: reason=unstable_if action=reinterpret pc=0x00007f151d9d1600 method=java.util.jar.Attributes$Name.isAlpha(C)Z @ 21
Event: 7.096 Thread 0x00007f152c009890 Uncommon trap: reason=unstable_if action=reinterpret pc=0x00007f151d54dd1c method=java.util.LinkedHashMap.afterNodeInsertion(Z)V @ 18
Event: 7.404 Thread 0x00007f152c009890 Uncommon trap: reason=unstable_if action=reinterpret pc=0x00007f151d34d330 method=java.util.HashMap.hash(Ljava/lang/Object;)I @ 1
Event: 7.587 Thread 0x00007f152c009890 Uncommon trap: reason=bimorphic action=maybe_recompile pc=0x00007f151d3b8564 method=java.lang.ClassLoader.loadClass(Ljava/lang/String;Z)Ljava/lang/Class; @ 38
Event: 7.796 Thread 0x00007f152ce01ae0 Uncommon trap: reason=class_check action=maybe_recompile pc=0x00007f151d22a0fc method=java.util.concurrent.locks.AbstractQueuedSynchronizer.release(I)Z @ 2
Event: 63.421 Thread 0x00007f152ce01ae0 Uncommon trap: reason=class_check action=maybe_recompile pc=0x00007f151d22a0fc method=java.util.concurrent.locks.AbstractQueuedSynchronizer.release(I)Z @ 2
Event: 63.430 Thread 0x00007f152ce01ae0 Uncommon trap: reason=class_check action=maybe_recompile pc=0x00007f151d22a0fc method=java.util.concurrent.locks.AbstractQueuedSynchronizer.release(I)Z @ 2
Event: 63.430 Thread 0x00007f152ce01ae0 Uncommon trap: reason=class_check action=maybe_recompile pc=0x00007f151d22a0fc method=java.util.concurrent.locks.AbstractQueuedSynchronizer.release(I)Z @ 2
Event: 68.249 Thread 0x00007f152c009890 Uncommon trap: reason=unstable_if action=reinterpret pc=0x00007f151d7ea9ec method=org.eclipse.sisu.plexus.RealmFilteredBeans$FilteredItr.hasNext()Z @ 57

Classes redefined (0 events):
No events

Internal exceptions (10 events):
Event: 4.167 Thread 0x00007f152c009890 Exception <a 'java/lang/NullPointerException'> (0x00000000f0900540) thrown at [/builddir/build/BUILD/java-1.8.0-openjdk-1.8.0.161-0.b14.el7_4.x86_64/openjdk/hotspot/src/share/vm/interpreter/linkResolver.cpp, line 1185]
Event: 6.360 Thread 0x00007f152c009890 Implicit null exception at 0x00007f151d8ff173 to 0x00007f151d900531
Event: 6.764 Thread 0x00007f152c009890 Exception <a 'java/lang/NoSuchMethodError': org.apache.maven.execution.MavenExecutionRequest.getFailureBehavior()Ljava/lang/String;> (0x00000000f0c304e0) thrown at [/builddir/build/BUILD/java-1.8.0-openjdk-1.8.0.161-0.b14.el7_4.x86_64/openjdk/hotspot/src/
Event: 7.404 Thread 0x00007f152c009890 Implicit null exception at 0x00007f151d34d298 to 0x00007f151d34d326
Event: 7.587 Thread 0x00007f152c009890 Exception <a 'java/security/PrivilegedActionException'> (0x00000000f0f507a0) thrown at [/builddir/build/BUILD/java-1.8.0-openjdk-1.8.0.161-0.b14.el7_4.x86_64/openjdk/hotspot/src/share/vm/prims/jvm.cpp, line 1400]
Event: 7.587 Thread 0x00007f152c009890 Exception <a 'java/security/PrivilegedActionException'> (0x00000000f0f50b98) thrown at [/builddir/build/BUILD/java-1.8.0-openjdk-1.8.0.161-0.b14.el7_4.x86_64/openjdk/hotspot/src/share/vm/prims/jvm.cpp, line 1400]
Event: 70.038 Thread 0x00007f152c009890 Exception <a 'java/net/SocketTimeoutException': Read timed out> (0x00000000f1387b78) thrown at [/builddir/build/BUILD/java-1.8.0-openjdk-1.8.0.161-0.b14.el7_4.x86_64/openjdk/hotspot/src/share/vm/prims/jni.cpp, line 736]
Event: 73.617 Thread 0x00007f152c009890 Exception <a 'java/net/SocketTimeoutException': Read timed out> (0x00000000f14ca060) thrown at [/builddir/build/BUILD/java-1.8.0-openjdk-1.8.0.161-0.b14.el7_4.x86_64/openjdk/hotspot/src/share/vm/prims/jni.cpp, line 736]
Event: 100.247 Thread 0x00007f152c6e6a90 Exception <a 'java/net/SocketTimeoutException': Read timed out> (0x00000000f172e950) thrown at [/builddir/build/BUILD/java-1.8.0-openjdk-1.8.0.161-0.b14.el7_4.x86_64/openjdk/hotspot/src/share/vm/prims/jni.cpp, line 736]
Event: 184.721 Thread 0x00007f152c6e8350 Exception <a 'java/net/SocketTimeoutException': Read timed out> (0x00000000f1d25b18) thrown at [/builddir/build/BUILD/java-1.8.0-openjdk-1.8.0.161-0.b14.el7_4.x86_64/openjdk/hotspot/src/share/vm/prims/jni.cpp, line 736]

Events (10 events):
Event: 187.797 loading class org/apache/maven/plugin/Mojo done
Event: 187.797 loading class org/apache/maven/plugin/Mojo
Event: 187.797 loading class org/apache/maven/plugin/Mojo done
Event: 187.797 loading class org/apache/maven/plugin/install/InstallMojo
Event: 187.797 loading class org/apache/maven/plugin/install/InstallMojo done
Event: 187.797 loading class org/apache/maven/plugin/install/InstallMojo
Event: 187.797 loading class org/apache/maven/plugin/install/InstallMojo done
Event: 187.797 loading class org/apache/maven/plugin/install/InstallMojo
Event: 187.797 loading class org/apache/maven/plugin/install/InstallMojo done
Event: 187.805 Executing VM operation: GenCollectForAllocation


Dynamic libraries:
00400000-00401000 r-xp 00000000 ca:01 100702755                          /usr/lib/jvm/java-1.8.0-openjdk-1.8.0.161-0.b14.el7_4.x86_64/jre/bin/java
00600000-00601000 r--p 00000000 ca:01 100702755                          /usr/lib/jvm/java-1.8.0-openjdk-1.8.0.161-0.b14.el7_4.x86_64/jre/bin/java
00601000-00602000 rw-p 00001000 ca:01 100702755                          /usr/lib/jvm/java-1.8.0-openjdk-1.8.0.161-0.b14.el7_4.x86_64/jre/bin/java
01d2d000-01d4e000 rw-p 00000000 00:00 0                                  [heap]
f0800000-f2340000 rw-p 00000000 00:00 0 
f2340000-f5aa0000 ---p 00000000 00:00 0 
f5aa0000-f9119000 rw-p 00000000 00:00 0 
f9aa3000-100000000 ---p 00000000 00:00 0 
100000000-100340000 rw-p 00000000 00:00 0 
100340000-140000000 ---p 00000000 00:00 0 
7f14f4000000-7f14f4021000 rw-p 00000000 00:00 0 
7f14f4021000-7f14f8000000 ---p 00000000 00:00 0 
7f14fa91b000-7f14fa91e000 ---p 00000000 00:00 0 
7f14fa91e000-7f14faa1c000 rw-p 00000000 00:00 0 
7f14faa1c000-7f14faa1f000 ---p 00000000 00:00 0 
7f14faa1f000-7f14fab1d000 rw-p 00000000 00:00 0 
7f14fab1d000-7f14fab20000 ---p 00000000 00:00 0 
7f14fab20000-7f14fad9e000 rw-p 00000000 00:00 0 
7f14fad9e000-7f14fae21000 ---p 00000000 00:00 0 
7f14fae21000-7f14fb11f000 rw-p 00000000 00:00 0 
7f14fb11f000-7f14fb31f000 rw-p 00000000 00:00 0 
7f14fb31f000-7f14fb335000 r-xp 00000000 ca:01 16819781                   /usr/lib64/libresolv-2.17.so
7f14fb335000-7f14fb535000 ---p 00016000 ca:01 16819781                   /usr/lib64/libresolv-2.17.so
7f14fb535000-7f14fb536000 r--p 00016000 ca:01 16819781                   /usr/lib64/libresolv-2.17.so
7f14fb536000-7f14fb537000 rw-p 00017000 ca:01 16819781                   /usr/lib64/libresolv-2.17.so
7f14fb537000-7f14fb539000 rw-p 00000000 00:00 0 
7f14fb539000-7f14fb53e000 r-xp 00000000 ca:01 16819767                   /usr/lib64/libnss_dns-2.17.so
7f14fb53e000-7f14fb73d000 ---p 00005000 ca:01 16819767                   /usr/lib64/libnss_dns-2.17.so
7f14fb73d000-7f14fb73e000 r--p 00004000 ca:01 16819767                   /usr/lib64/libnss_dns-2.17.so
7f14fb73e000-7f14fb73f000 rw-p 00005000 ca:01 16819767                   /usr/lib64/libnss_dns-2.17.so
7f14fb73f000-7f14fb93f000 rw-p 00000000 00:00 0 
7f14fb93f000-7f14fbb3f000 rw-p 00000000 00:00 0 
7f14fbb3f000-7f14fbbbc000 r-xp 00000000 ca:01 16908500                   /usr/lib64/libfreeblpriv3.so
7f14fbbbc000-7f14fbdbb000 ---p 0007d000 ca:01 16908500                   /usr/lib64/libfreeblpriv3.so
7f14fbdbb000-7f14fbdbd000 r--p 0007c000 ca:01 16908500                   /usr/lib64/libfreeblpriv3.so
7f14fbdbd000-7f14fbdbe000 rw-p 0007e000 ca:01 16908500                   /usr/lib64/libfreeblpriv3.so
7f14fbdbe000-7f14fbdc2000 rw-p 00000000 00:00 0 
7f14fbdc2000-7f14fbdfc000 r-xp 00000000 ca:01 16819800                   /usr/lib64/libnspr4.so
7f14fbdfc000-7f14fbffb000 ---p 0003a000 ca:01 16819800                   /usr/lib64/libnspr4.so
7f14fbffb000-7f14fbffc000 r--p 00039000 ca:01 16819800                   /usr/lib64/libnspr4.so
7f14fbffc000-7f14fbffe000 rw-p 0003a000 ca:01 16819800                   /usr/lib64/libnspr4.so
7f14fbffe000-7f14fc000000 rw-p 00000000 00:00 0 
7f14fc000000-7f14fdca4000 rw-p 00000000 00:00 0 
7f14fdca4000-7f1500000000 ---p 00000000 00:00 0 
7f1500000000-7f15006bd000 rw-p 00000000 00:00 0 
7f15006bd000-7f1504000000 ---p 00000000 00:00 0 
7f1504000000-7f1504021000 rw-p 00000000 00:00 0 
7f1504021000-7f1508000000 ---p 00000000 00:00 0 
7f15080cc000-7f15080d0000 r-xp 00000000 ca:01 17027051                   /usr/lib64/libplc4.so
7f15080d0000-7f15082cf000 ---p 00004000 ca:01 17027051                   /usr/lib64/libplc4.so
7f15082cf000-7f15082d0000 r--p 00003000 ca:01 17027051                   /usr/lib64/libplc4.so
7f15082d0000-7f15082d1000 rw-p 00004000 ca:01 17027051                   /usr/lib64/libplc4.so
7f15082d1000-7f15082d4000 r-xp 00000000 ca:01 17027052                   /usr/lib64/libplds4.so
7f15082d4000-7f15084d3000 ---p 00003000 ca:01 17027052                   /usr/lib64/libplds4.so
7f15084d3000-7f15084d4000 r--p 00002000 ca:01 17027052                   /usr/lib64/libplds4.so
7f15084d4000-7f15084d5000 rw-p 00003000 ca:01 17027052                   /usr/lib64/libplds4.so
7f15084d5000-7f15084fb000 r-xp 00000000 ca:01 16921038                   /usr/lib64/libnssutil3.so
7f15084fb000-7f15086fa000 ---p 00026000 ca:01 16921038                   /usr/lib64/libnssutil3.so
7f15086fa000-7f1508701000 r--p 00025000 ca:01 16921038                   /usr/lib64/libnssutil3.so
7f1508701000-7f1508702000 rw-p 0002c000 ca:01 16921038                   /usr/lib64/libnssutil3.so
7f1508702000-7f1508823000 r-xp 00000000 ca:01 17026196                   /usr/lib64/libnss3.so
7f1508823000-7f1508a23000 ---p 00121000 ca:01 17026196                   /usr/lib64/libnss3.so
7f1508a23000-7f1508a28000 r--p 00121000 ca:01 17026196                   /usr/lib64/libnss3.so
7f1508a28000-7f1508a2a000 rw-p 00126000 ca:01 17026196                   /usr/lib64/libnss3.so
7f1508a2a000-7f1508a2c000 rw-p 00000000 00:00 0 
7f1508a2c000-7f1508a50000 r-xp 00000000 ca:01 17026197                   /usr/lib64/libsmime3.so
7f1508a50000-7f1508c4f000 ---p 00024000 ca:01 17026197                   /usr/lib64/libsmime3.so
7f1508c4f000-7f1508c52000 r--p 00023000 ca:01 17026197                   /usr/lib64/libsmime3.so
7f1508c52000-7f1508c53000 rw-p 00026000 ca:01 17026197                   /usr/lib64/libsmime3.so
7f1508c53000-7f1508c9a000 r-xp 00000000 ca:01 17026198                   /usr/lib64/libssl3.so
7f1508c9a000-7f1508e99000 ---p 00047000 ca:01 17026198                   /usr/lib64/libssl3.so
7f1508e99000-7f1508e9d000 r--p 00046000 ca:01 17026198                   /usr/lib64/libssl3.so
7f1508e9d000-7f1508e9e000 rw-p 0004a000 ca:01 17026198                   /usr/lib64/libssl3.so
7f1508e9e000-7f1508e9f000 rw-p 00000000 00:00 0 
7f1508e9f000-7f1508eab000 r-xp 00000000 ca:01 109132402                  /usr/lib/jvm/java-1.8.0-openjdk-1.8.0.161-0.b14.el7_4.x86_64/jre/lib/amd64/libsunec.so
7f1508eab000-7f15090aa000 ---p 0000c000 ca:01 109132402                  /usr/lib/jvm/java-1.8.0-openjdk-1.8.0.161-0.b14.el7_4.x86_64/jre/lib/amd64/libsunec.so
7f15090aa000-7f15090ab000 r--p 0000b000 ca:01 109132402                  /usr/lib/jvm/java-1.8.0-openjdk-1.8.0.161-0.b14.el7_4.x86_64/jre/lib/amd64/libsunec.so
7f15090ab000-7f15090ac000 rw-p 0000c000 ca:01 109132402                  /usr/lib/jvm/java-1.8.0-openjdk-1.8.0.161-0.b14.el7_4.x86_64/jre/lib/amd64/libsunec.so
7f15090ac000-7f15090be000 r-xp 00000000 ca:01 109132398                  /usr/lib/jvm/java-1.8.0-openjdk-1.8.0.161-0.b14.el7_4.x86_64/jre/lib/amd64/libnio.so
7f15090be000-7f15092bd000 ---p 00012000 ca:01 109132398                  /usr/lib/jvm/java-1.8.0-openjdk-1.8.0.161-0.b14.el7_4.x86_64/jre/lib/amd64/libnio.so
7f15092bd000-7f15092be000 r--p 00011000 ca:01 109132398                  /usr/lib/jvm/java-1.8.0-openjdk-1.8.0.161-0.b14.el7_4.x86_64/jre/lib/amd64/libnio.so
7f15092be000-7f15092bf000 rw-p 00012000 ca:01 109132398                  /usr/lib/jvm/java-1.8.0-openjdk-1.8.0.161-0.b14.el7_4.x86_64/jre/lib/amd64/libnio.so
7f15092bf000-7f15092d6000 r-xp 00000000 ca:01 109132397                  /usr/lib/jvm/java-1.8.0-openjdk-1.8.0.161-0.b14.el7_4.x86_64/jre/lib/amd64/libnet.so
7f15092d6000-7f15094d5000 ---p 00017000 ca:01 109132397                  /usr/lib/jvm/java-1.8.0-openjdk-1.8.0.161-0.b14.el7_4.x86_64/jre/lib/amd64/libnet.so
7f15094d5000-7f15094d6000 r--p 00016000 ca:01 109132397                  /usr/lib/jvm/java-1.8.0-openjdk-1.8.0.161-0.b14.el7_4.x86_64/jre/lib/amd64/libnet.so
7f15094d6000-7f15094d7000 rw-p 00017000 ca:01 109132397                  /usr/lib/jvm/java-1.8.0-openjdk-1.8.0.161-0.b14.el7_4.x86_64/jre/lib/amd64/libnet.so
7f15094d7000-7f15096d7000 rw-p 00000000 00:00 0 
7f15096d7000-7f15098d7000 rw-p 00000000 00:00 0 
7f15098d7000-7f1509ad7000 rw-p 00000000 00:00 0 
7f1509ad7000-7f1510000000 r--p 00000000 ca:01 11194                      /usr/lib/locale/locale-archive
7f1510000000-7f1510021000 rw-p 00000000 00:00 0 
7f1510021000-7f1514000000 ---p 00000000 00:00 0 
7f1514000000-7f1514021000 rw-p 00000000 00:00 0 
7f1514021000-7f1518000000 ---p 00000000 00:00 0 
7f1518000000-7f1518087000 rw-p 00000000 00:00 0 
7f1518087000-7f151c000000 ---p 00000000 00:00 0 
7f151c09b000-7f151c09c000 rw-p 00000000 00:00 0 
7f151c09c000-7f151c09d000 r--s 00002000 ca:01 84168925                   /root/.m2/repository/org/apache/maven/shared/maven-mapping/3.0.0/maven-mapping-3.0.0.jar
7f151c09d000-7f151c0a1000 r--s 0003c000 ca:01 67532848                   /root/.m2/repository/org/codehaus/plexus/plexus-utils/3.1.0/plexus-utils-3.1.0.jar
7f151c0a1000-7f151c0a3000 r--s 00005000 ca:01 58856374                   /root/.m2/repository/xpp3/xpp3_min/1.1.4c/xpp3_min-1.1.4c.jar
7f151c0a3000-7f151c0a4000 r--s 00001000 ca:01 33718258                   /root/.m2/repository/xmlpull/xmlpull/1.1.3.1/xmlpull-1.1.3.1.jar
7f151c0a4000-7f151c0b2000 r--s 00079000 ca:01 109393594                  /root/.m2/repository/com/thoughtworks/xstream/xstream/1.4.9/xstream-1.4.9.jar
7f151c0b2000-7f151c0b6000 r--s 00016000 ca:01 84168923                   /root/.m2/repository/org/tukaani/xz/1.6/xz-1.6.jar
7f151c0b6000-7f151c0b8000 r--s 0000d000 ca:01 58856372                   /root/.m2/repository/org/iq80/snappy/snappy/0.4/snappy-0.4.jar
7f151c0b8000-7f151c0c2000 r--s 00078000 ca:01 17150299                   /root/.m2/repository/org/apache/commons/commons-compress/1.14/commons-compress-1.14.jar
7f151c0c2000-7f151c0c6000 r--s 0000f000 ca:01 134517                     /root/.m2/repository/org/codehaus/plexus/plexus-io/3.0.0/plexus-io-3.0.0.jar
7f151c0c6000-7f151c0cb000 r--s 00029000 ca:01 95540140                   /root/.m2/repository/org/codehaus/plexus/plexus-archiver/3.5/plexus-archiver-3.5.jar
7f151c0cb000-7f151c0cf000 r--s 00025000 ca:01 75636573                   /root/.m2/repository/org/apache/maven/shared/maven-shared-utils/3.2.0/maven-shared-utils-3.2.0.jar
7f151c0cf000-7f151c0d0000 r--s 00005000 ca:01 67532846                   /root/.m2/repository/org/apache/maven/maven-archiver/3.2.0/maven-archiver-3.2.0.jar
7f151c0d0000-7f151c0d3000 r--s 00014000 ca:01 26518198                   /root/.m2/repository/org/apache/maven/plugins/maven-war-plugin/3.2.0/maven-war-plugin-3.2.0.jar
7f151c0d3000-7f151c0d4000 r--s 00002000 ca:01 134510                     /root/.m2/repository/org/apache/maven/reporting/maven-reporting-api/3.0/maven-reporting-api-3.0.jar
7f151c0d4000-7f151c0d6000 r--s 00003000 ca:01 42237753                   /root/.m2/repository/org/slf4j/jcl-over-slf4j/1.5.6/jcl-over-slf4j-1.5.6.jar
7f151c0d6000-7f151c0d8000 r--s 00001000 ca:01 8620896                    /root/.m2/repository/org/slf4j/slf4j-jdk14/1.5.6/slf4j-jdk14-1.5.6.jar
7f151c0d8000-7f151c0da000 r--s 0000b000 ca:01 84168910                   /root/.m2/repository/org/codehaus/plexus/plexus-interpolation/1.11/plexus-interpolation-1.11.jar
7f151c0da000-7f151c0e2000 r--s 00049000 ca:01 33718249                   /root/.m2/repository/backport-util-concurrent/backport-util-concurrent/3.1/backport-util-concurrent-3.1.jar
7f151c0e2000-7f151c0e4000 r--s 00009000 ca:01 8620887                    /root/.m2/repository/org/hamcrest/hamcrest-core/1.3/hamcrest-core-1.3.jar
7f151c0e4000-7f151c0ec000 r--s 00045000 ca:01 58856357                   /root/.m2/repository/junit/junit/4.12/junit-4.12.jar
7f151c0ec000-7f151c0f0000 r--s 00034000 ca:01 75636563                   /root/.m2/repository/org/codehaus/plexus/plexus-utils/1.5.15/plexus-utils-1.5.15.jar
7f151c0f0000-7f151c0f5000 r--s 0003d000 ca:01 17150292                   /root/.m2/repository/org/apache/maven/surefire/surefire-booter/2.20.1/surefire-booter-2.20.1.jar
7f151c0f5000-7f151c0f7000 r--s 00002000 ca:01 134508                     /root/.m2/repository/org/apache/maven/surefire/surefire-logger-api/2.20.1/surefire-logger-api-2.20.1.jar
7f151c0f7000-7f151c0fc000 r--s 00028000 ca:01 105065803                  /root/.m2/repository/org/apache/maven/surefire/surefire-api/2.20.1/surefire-api-2.20.1.jar
7f151c0fc000-7f151c0fe000 r--s 00002000 ca:01 67530045                   /root/.m2/repository/org/apache/maven/plugin-tools/maven-plugin-annotations/3.3/maven-plugin-annotations-3.3.jar
7f151c0fe000-7f151c107000 r--s 00074000 ca:01 42237751                   /root/.m2/repository/org/apache/maven/surefire/maven-surefire-common/2.20.1/maven-surefire-common-2.20.1.jar
7f151c107000-7f151c108000 r--s 00009000 ca:01 105065794                  /root/.m2/repository/org/apache/maven/plugins/maven-surefire-plugin/2.20.1/maven-surefire-plugin-2.20.1.jar
7f151c108000-7f151c109000 r--s 00004000 ca:01 109380641                  /root/.m2/repository/org/codehaus/plexus/plexus-compiler-javac/2.8.2/plexus-compiler-javac-2.8.2.jar
7f151c109000-7f151c10b000 r--s 00000000 ca:01 95466317                   /root/.m2/repository/org/codehaus/plexus/plexus-compiler-manager/2.8.2/plexus-compiler-manager-2.8.2.jar
7f151c10b000-7f151c10d000 r--s 00005000 ca:01 42217691                   /root/.m2/repository/org/codehaus/plexus/plexus-compiler-api/2.8.2/plexus-compiler-api-2.8.2.jar
7f151c10d000-7f151c113000 r--s 00047000 ca:01 1513396                    /root/.m2/repository/com/thoughtworks/qdox/qdox/2.0-M7/qdox-2.0-M7.jar
7f151c113000-7f151c114000 r--s 0000d000 ca:01 50832812                   /root/.m2/repository/org/ow2/asm/asm/6.0_BETA/asm-6.0_BETA.jar
7f151c114000-7f151c116000 r--s 00006000 ca:01 1513394                    /root/.m2/repository/org/codehaus/plexus/plexus-java/0.9.2/plexus-java-0.9.2.jar
7f151c116000-7f151c118000 r--s 00002000 ca:01 1513392                    /root/.m2/repository/org/apache/maven/shared/maven-shared-incremental/1.1/maven-shared-incremental-1.1.jar
7f151c118000-7f151c11b000 r--s 00025000 ca:01 105009761                  /root/.m2/repository/org/apache/maven/shared/maven-shared-utils/3.1.0/maven-shared-utils-3.1.0.jar
7f151c11b000-7f151c11d000 r--s 0000d000 ca:01 84108913                   /root/.m2/repository/org/codehaus/plexus/plexus-interpolation/1.14/plexus-interpolation-1.14.jar
7f151c11d000-7f151c121000 r--s 00033000 ca:01 33691410                   /root/.m2/repository/org/codehaus/plexus/plexus-utils/2.0.4/plexus-utils-2.0.4.jar
7f151c121000-7f151c123000 r--s 0000d000 ca:01 75590616                   /root/.m2/repository/org/apache/maven/plugins/maven-compiler-plugin/3.7.0/maven-compiler-plugin-3.7.0.jar
7f151c123000-7f151c126000 r--s 00011000 ca:01 95466298                   /root/.m2/repository/org/codehaus/plexus/plexus-interpolation/1.24/plexus-interpolation-1.24.jar
7f151c126000-7f151c12a000 r--s 0002f000 ca:01 67470330                   /root/.m2/repository/commons-io/commons-io/2.5/commons-io-2.5.jar
7f151c12a000-7f151c12c000 r--s 00001000 ca:01 25421610                   /root/.m2/repository/org/sonatype/plexus/plexus-build-api/0.0.7/plexus-build-api-0.0.7.jar
7f151c12c000-7f151c12e000 r--s 00006000 ca:01 42217662                   /root/.m2/repository/com/google/code/findbugs/jsr305/2.0.1/jsr305-2.0.1.jar
7f151c12e000-7f151c131000 r--s 00023000 ca:01 50832772                   /root/.m2/repository/org/apache/maven/shared/maven-shared-utils/3.0.0/maven-shared-utils-3.0.0.jar
7f151c131000-7f151c133000 r--s 0000b000 ca:01 95466296                   /root/.m2/repository/org/apache/maven/shared/maven-filtering/3.1.1/maven-filtering-3.1.1.jar
7f151c133000-7f151c137000 r--s 00039000 ca:01 67470328                   /root/.m2/repository/org/codehaus/plexus/plexus-utils/3.0.24/plexus-utils-3.0.24.jar
7f151c137000-7f151c139000 r--s 00002000 ca:01 50832768                   /root/.m2/repository/org/sonatype/plexus/plexus-cipher/1.4/plexus-cipher-1.4.jar
7f151c139000-7f151c13a000 r--s 00006000 ca:01 17683296                   /root/.m2/repository/org/sonatype/plexus/plexus-sec-dispatcher/1.3/plexus-sec-dispatcher-1.3.jar
7f151c13a000-7f151c13c000 r--s 00000000 ca:01 1220953                    /root/.m2/repository/org/codehaus/plexus/plexus-component-annotations/1.6/plexus-component-annotations-1.6.jar
7f151c13c000-7f151c140000 r--s 00017000 ca:01 8483945                    /root/.m2/repository/org/sonatype/aether/aether-util/1.7/aether-util-1.7.jar
7f151c140000-7f151c14b000 r--s 00069000 ca:01 33687098                   /root/.m2/repository/org/sonatype/sisu/sisu-guice/2.1.7/sisu-guice-2.1.7-noaop.jar
7f151c14b000-7f151c150000 r--s 00021000 ca:01 17683255                   /root/.m2/repository/org/sonatype/sisu/sisu-inject-bean/1.4.2/sisu-inject-bean-1.4.2.jar
7f151c150000-7f151c151000 r--s 00007000 ca:01 50832789                   /root/.m2/repository/org/apache/maven/plugins/maven-resources-plugin/3.0.2/maven-resources-plugin-3.0.2.jar
7f151c151000-7f151c157000 r--s 00043000 ca:01 41963696                   /usr/lib/jvm/java-1.8.0-openjdk-1.8.0.161-0.b14.el7_4.x86_64/jre/lib/ext/sunjce_provider.jar
7f151c157000-7f151c16a000 r--s 00346000 ca:01 744054                     /usr/lib/jvm/java-1.8.0-openjdk-1.8.0.161-0.b14.el7_4.x86_64/jre/lib/resources.jar
7f151c16a000-7f151c16b000 r--s 00007000 ca:01 41963695                   /usr/lib/jvm/java-1.8.0-openjdk-1.8.0.161-0.b14.el7_4.x86_64/jre/lib/ext/sunec.jar
7f151c16b000-7f151c16d000 r-xp 00000000 ca:01 16819788                   /usr/lib64/libutil-2.17.so
7f151c16d000-7f151c36c000 ---p 00002000 ca:01 16819788                   /usr/lib64/libutil-2.17.so
7f151c36c000-7f151c36d000 r--p 00001000 ca:01 16819788                   /usr/lib64/libutil-2.17.so
7f151c36d000-7f151c36e000 rw-p 00002000 ca:01 16819788                   /usr/lib64/libutil-2.17.so
7f151c36e000-7f151c370000 r--s 00019000 ca:01 744032                     /usr/lib/jvm/java-1.8.0-openjdk-1.8.0.161-0.b14.el7_4.x86_64/jre/lib/jce.jar
7f151c370000-7f151c375000 r--s 000b6000 ca:01 744036                     /usr/lib/jvm/java-1.8.0-openjdk-1.8.0.161-0.b14.el7_4.x86_64/jre/lib/jsse.jar
7f151c375000-7f151c378000 r-xp 00000000 ca:01 105005303                  /usr/local/apache-maven-3.5.3/lib/jansi-native/linux64/libjansi.so
7f151c378000-7f151c577000 ---p 00003000 ca:01 105005303                  /usr/local/apache-maven-3.5.3/lib/jansi-native/linux64/libjansi.so
7f151c577000-7f151c578000 rw-p 00002000 ca:01 105005303                  /usr/local/apache-maven-3.5.3/lib/jansi-native/linux64/libjansi.so
7f151c578000-7f151c57c000 r--s 00042000 ca:01 58881544                   /usr/local/apache-maven-3.5.3/lib/jansi-1.17.jar
7f151c57c000-7f151c57d000 r--s 00005000 ca:01 58881543                   /usr/local/apache-maven-3.5.3/lib/maven-slf4j-provider-3.5.3.jar
7f151c57d000-7f151c57f000 r--s 00006000 ca:01 58881542                   /usr/local/apache-maven-3.5.3/lib/maven-resolver-transport-wagon-1.1.1.jar
7f151c57f000-7f151c581000 r--s 00009000 ca:01 58881541                   /usr/local/apache-maven-3.5.3/lib/maven-resolver-connector-basic-1.1.1.jar
7f151c581000-7f151c582000 r--s 00002000 ca:01 58881540                   /usr/local/apache-maven-3.5.3/lib/wagon-file-3.0.0.jar
7f151c582000-7f151c584000 r--s 00003000 ca:01 58881539                   /usr/local/apache-maven-3.5.3/lib/jcl-over-slf4j-1.7.25.jar
7f151c584000-7f151c5b0000 r--s 001e9000 ca:01 58881538                   /usr/local/apache-maven-3.5.3/lib/wagon-http-3.0.0-shaded.jar
7f151c5b0000-7f151c5b2000 r--s 0000c000 ca:01 58881537                   /usr/local/apache-maven-3.5.3/lib/wagon-provider-api-3.0.0.jar
7f151c5b2000-7f151c5b9000 r--s 00041000 ca:01 58881536                   /usr/local/apache-maven-3.5.3/lib/maven-compat-3.5.3.jar
7f151c5b9000-7f151c5bb000 r--s 0000c000 ca:01 58835711                   /usr/local/apache-maven-3.5.3/lib/commons-cli-1.4.jar
7f151c5bb000-7f151c5bd000 r--s 00009000 ca:01 58835710                   /usr/local/apache-maven-3.5.3/lib/slf4j-api-1.7.25.jar
7f151c5bd000-7f151c5bf000 r--s 00000000 ca:01 58835709                   /usr/local/apache-maven-3.5.3/lib/aopalliance-1.0.jar
7f151c5bf000-7f151c5c8000 r--s 0005f000 ca:01 58835708                   /usr/local/apache-maven-3.5.3/lib/guice-4.0-no_aop.jar
7f151c5c8000-7f151c5cc000 r--s 0002f000 ca:01 58835707                   /usr/local/apache-maven-3.5.3/lib/commons-io-2.5.jar
7f151c5cc000-7f151c5cf000 r--s 00026000 ca:01 58835706                   /usr/local/apache-maven-3.5.3/lib/maven-shared-utils-3.2.1.jar
7f151c5cf000-7f151c5d3000 r--s 0002a000 ca:01 58835705                   /usr/local/apache-maven-3.5.3/lib/maven-resolver-impl-1.1.1.jar
7f151c5d3000-7f151c5d7000 r--s 00023000 ca:01 58835704                   /usr/local/apache-maven-3.5.3/lib/maven-resolver-util-1.1.1.jar
7f151c5d7000-7f151c5d9000 r--s 00007000 ca:01 58835703                   /usr/local/apache-maven-3.5.3/lib/maven-resolver-spi-1.1.1.jar
7f151c5d9000-7f151c5dd000 r--s 00020000 ca:01 58835702                   /usr/local/apache-maven-3.5.3/lib/maven-resolver-api-1.1.1.jar
7f151c5dd000-7f151c5df000 r--s 0000f000 ca:01 58835701                   /usr/local/apache-maven-3.5.3/lib/maven-resolver-provider-3.5.3.jar
7f151c5df000-7f151c60e000 r--s 00226000 ca:01 58835700                   /usr/local/apache-maven-3.5.3/lib/guava-20.0.jar
7f151c60e000-7f151c613000 r--s 00027000 ca:01 58835699                   /usr/local/apache-maven-3.5.3/lib/maven-model-builder-3.5.3.jar
7f151c613000-7f151c61a000 r--s 00056000 ca:01 58835698                   /usr/local/apache-maven-3.5.3/lib/org.eclipse.sisu.inject-0.3.3.jar
7f151c61a000-7f151c61b000 r--s 00000000 ca:01 58835697                   /usr/local/apache-maven-3.5.3/lib/javax.inject-1.jar
7f151c61b000-7f151c61e000 r--s 00008000 ca:01 58835695                   /usr/local/apache-maven-3.5.3/lib/cdi-api-1.0.jar
7f151c61e000-7f151c624000 r--s 0002d000 ca:01 58835694                   /usr/local/apache-maven-3.5.3/lib/org.eclipse.sisu.plexus-0.3.3.jar
7f151c624000-7f151c626000 r--s 0000a000 ca:01 58835693                   /usr/local/apache-maven-3.5.3/lib/maven-plugin-api-3.5.3.jar
7f151c626000-7f151c629000 r--s 00026000 ca:01 58835690                   /usr/local/apache-maven-3.5.3/lib/maven-model-3.5.3.jar
7f151c629000-7f151c62a000 ---p 00000000 00:00 0 
7f151c62a000-7f151c72a000 rw-p 00000000 00:00 0 
7f151c72a000-7f151c72d000 ---p 00000000 00:00 0 
7f151c72d000-7f151c82b000 rw-p 00000000 00:00 0 
7f151c82b000-7f151c82e000 ---p 00000000 00:00 0 
7f151c82e000-7f151c92c000 rw-p 00000000 00:00 0 
7f151c92c000-7f151c92f000 ---p 00000000 00:00 0 
7f151c92f000-7f151ca2d000 rw-p 00000000 00:00 0 
7f151ca2d000-7f151ca30000 ---p 00000000 00:00 0 
7f151ca30000-7f151cb2e000 rw-p 00000000 00:00 0 
7f151cb2e000-7f151cb31000 ---p 00000000 00:00 0 
7f151cb31000-7f151cc2f000 rw-p 00000000 00:00 0 
7f151cc2f000-7f151cc32000 ---p 00000000 00:00 0 
7f151cc32000-7f151cd30000 rw-p 00000000 00:00 0 
7f151cd30000-7f151cd31000 ---p 00000000 00:00 0 
7f151cd31000-7f151ce31000 rw-p 00000000 00:00 0 
7f151ce31000-7f151d000000 r--s 04409000 ca:01 744056                     /usr/lib/jvm/java-1.8.0-openjdk-1.8.0.161-0.b14.el7_4.x86_64/jre/lib/rt.jar
7f151d000000-7f151dab0000 rwxp 00000000 00:00 0 
7f151dab0000-7f152c000000 ---p 00000000 00:00 0 
7f152c000000-7f152ce06000 rw-p 00000000 00:00 0 
7f152ce06000-7f1530000000 ---p 00000000 00:00 0 
7f1530000000-7f1530002000 r--s 0000c000 ca:01 58835692                   /usr/local/apache-maven-3.5.3/lib/maven-artifact-3.5.3.jar
7f1530002000-7f153000f000 r--s 0008e000 ca:01 58835689                   /usr/local/apache-maven-3.5.3/lib/maven-core-3.5.3.jar
7f153000f000-7f1530956000 rw-p 00000000 00:00 0 
7f1530956000-7f1530981000 rw-p 00000000 00:00 0 
7f1530981000-7f1530d16000 ---p 00000000 00:00 0 
7f1530d16000-7f1530d1e000 r-xp 00000000 ca:01 109132405                  /usr/lib/jvm/java-1.8.0-openjdk-1.8.0.161-0.b14.el7_4.x86_64/jre/lib/amd64/libzip.so
7f1530d1e000-7f1530f1d000 ---p 00008000 ca:01 109132405                  /usr/lib/jvm/java-1.8.0-openjdk-1.8.0.161-0.b14.el7_4.x86_64/jre/lib/amd64/libzip.so
7f1530f1d000-7f1530f1e000 r--p 00007000 ca:01 109132405                  /usr/lib/jvm/java-1.8.0-openjdk-1.8.0.161-0.b14.el7_4.x86_64/jre/lib/amd64/libzip.so
7f1530f1e000-7f1530f1f000 rw-p 00008000 ca:01 109132405                  /usr/lib/jvm/java-1.8.0-openjdk-1.8.0.161-0.b14.el7_4.x86_64/jre/lib/amd64/libzip.so
7f1530f1f000-7f1530f2b000 r-xp 00000000 ca:01 16819769                   /usr/lib64/libnss_files-2.17.so
7f1530f2b000-7f153112a000 ---p 0000c000 ca:01 16819769                   /usr/lib64/libnss_files-2.17.so
7f153112a000-7f153112b000 r--p 0000b000 ca:01 16819769                   /usr/lib64/libnss_files-2.17.so
7f153112b000-7f153112c000 rw-p 0000c000 ca:01 16819769                   /usr/lib64/libnss_files-2.17.so
7f153112c000-7f1531132000 rw-p 00000000 00:00 0 
7f1531132000-7f1531160000 r-xp 00000000 ca:01 109132387                  /usr/lib/jvm/java-1.8.0-openjdk-1.8.0.161-0.b14.el7_4.x86_64/jre/lib/amd64/libjava.so
7f1531160000-7f153135f000 ---p 0002e000 ca:01 109132387                  /usr/lib/jvm/java-1.8.0-openjdk-1.8.0.161-0.b14.el7_4.x86_64/jre/lib/amd64/libjava.so
7f153135f000-7f1531360000 r--p 0002d000 ca:01 109132387                  /usr/lib/jvm/java-1.8.0-openjdk-1.8.0.161-0.b14.el7_4.x86_64/jre/lib/amd64/libjava.so
7f1531360000-7f1531362000 rw-p 0002e000 ca:01 109132387                  /usr/lib/jvm/java-1.8.0-openjdk-1.8.0.161-0.b14.el7_4.x86_64/jre/lib/amd64/libjava.so
7f1531362000-7f153136f000 r-xp 00000000 ca:01 109132404                  /usr/lib/jvm/java-1.8.0-openjdk-1.8.0.161-0.b14.el7_4.x86_64/jre/lib/amd64/libverify.so
7f153136f000-7f153156e000 ---p 0000d000 ca:01 109132404                  /usr/lib/jvm/java-1.8.0-openjdk-1.8.0.161-0.b14.el7_4.x86_64/jre/lib/amd64/libverify.so
7f153156e000-7f1531570000 r--p 0000c000 ca:01 109132404                  /usr/lib/jvm/java-1.8.0-openjdk-1.8.0.161-0.b14.el7_4.x86_64/jre/lib/amd64/libverify.so
7f1531570000-7f1531571000 rw-p 0000e000 ca:01 109132404                  /usr/lib/jvm/java-1.8.0-openjdk-1.8.0.161-0.b14.el7_4.x86_64/jre/lib/amd64/libverify.so
7f1531571000-7f1531578000 r-xp 00000000 ca:01 16819785                   /usr/lib64/librt-2.17.so
7f1531578000-7f1531777000 ---p 00007000 ca:01 16819785                   /usr/lib64/librt-2.17.so
7f1531777000-7f1531778000 r--p 00006000 ca:01 16819785                   /usr/lib64/librt-2.17.so
7f1531778000-7f1531779000 rw-p 00007000 ca:01 16819785                   /usr/lib64/librt-2.17.so
7f1531779000-7f153178e000 r-xp 00000000 ca:01 16908472                   /usr/lib64/libgcc_s-4.8.5-20150702.so.1
7f153178e000-7f153198d000 ---p 00015000 ca:01 16908472                   /usr/lib64/libgcc_s-4.8.5-20150702.so.1
7f153198d000-7f153198e000 r--p 00014000 ca:01 16908472                   /usr/lib64/libgcc_s-4.8.5-20150702.so.1
7f153198e000-7f153198f000 rw-p 00015000 ca:01 16908472                   /usr/lib64/libgcc_s-4.8.5-20150702.so.1
7f153198f000-7f1531a90000 r-xp 00000000 ca:01 16819754                   /usr/lib64/libm-2.17.so
7f1531a90000-7f1531c8f000 ---p 00101000 ca:01 16819754                   /usr/lib64/libm-2.17.so
7f1531c8f000-7f1531c90000 r--p 00100000 ca:01 16819754                   /usr/lib64/libm-2.17.so
7f1531c90000-7f1531c91000 rw-p 00101000 ca:01 16819754                   /usr/lib64/libm-2.17.so
7f1531c91000-7f1531d7a000 r-xp 00000000 ca:01 16819803                   /usr/lib64/libstdc++.so.6.0.19
7f1531d7a000-7f1531f7a000 ---p 000e9000 ca:01 16819803                   /usr/lib64/libstdc++.so.6.0.19
7f1531f7a000-7f1531f82000 r--p 000e9000 ca:01 16819803                   /usr/lib64/libstdc++.so.6.0.19
7f1531f82000-7f1531f84000 rw-p 000f1000 ca:01 16819803                   /usr/lib64/libstdc++.so.6.0.19
7f1531f84000-7f1531f99000 rw-p 00000000 00:00 0 
7f1531f99000-7f1532c5f000 r-xp 00000000 ca:01 17048999                   /usr/lib/jvm/java-1.8.0-openjdk-1.8.0.161-0.b14.el7_4.x86_64/jre/lib/amd64/server/libjvm.so
7f1532c5f000-7f1532e5e000 ---p 00cc6000 ca:01 17048999                   /usr/lib/jvm/java-1.8.0-openjdk-1.8.0.161-0.b14.el7_4.x86_64/jre/lib/amd64/server/libjvm.so
7f1532e5e000-7f1532f09000 r--p 00cc5000 ca:01 17048999                   /usr/lib/jvm/java-1.8.0-openjdk-1.8.0.161-0.b14.el7_4.x86_64/jre/lib/amd64/server/libjvm.so
7f1532f09000-7f1532f32000 rw-p 00d70000 ca:01 17048999                   /usr/lib/jvm/java-1.8.0-openjdk-1.8.0.161-0.b14.el7_4.x86_64/jre/lib/amd64/server/libjvm.so
7f1532f32000-7f1532f65000 rw-p 00000000 00:00 0 
7f1532f65000-7f153311d000 r-xp 00000000 ca:01 16819744                   /usr/lib64/libc-2.17.so
7f153311d000-7f153331d000 ---p 001b8000 ca:01 16819744                   /usr/lib64/libc-2.17.so
7f153331d000-7f1533321000 r--p 001b8000 ca:01 16819744                   /usr/lib64/libc-2.17.so
7f1533321000-7f1533323000 rw-p 001bc000 ca:01 16819744                   /usr/lib64/libc-2.17.so
7f1533323000-7f1533328000 rw-p 00000000 00:00 0 
7f1533328000-7f153332a000 r-xp 00000000 ca:01 16819752                   /usr/lib64/libdl-2.17.so
7f153332a000-7f153352a000 ---p 00002000 ca:01 16819752                   /usr/lib64/libdl-2.17.so
7f153352a000-7f153352b000 r--p 00002000 ca:01 16819752                   /usr/lib64/libdl-2.17.so
7f153352b000-7f153352c000 rw-p 00003000 ca:01 16819752                   /usr/lib64/libdl-2.17.so
7f153352c000-7f153353a000 r-xp 00000000 ca:01 8503388                    /usr/lib/jvm/java-1.8.0-openjdk-1.8.0.161-0.b14.el7_4.x86_64/jre/lib/amd64/jli/libjli.so
7f153353a000-7f1533739000 ---p 0000e000 ca:01 8503388                    /usr/lib/jvm/java-1.8.0-openjdk-1.8.0.161-0.b14.el7_4.x86_64/jre/lib/amd64/jli/libjli.so
7f1533739000-7f153373a000 r--p 0000d000 ca:01 8503388                    /usr/lib/jvm/java-1.8.0-openjdk-1.8.0.161-0.b14.el7_4.x86_64/jre/lib/amd64/jli/libjli.so
7f153373a000-7f153373b000 rw-p 0000e000 ca:01 8503388                    /usr/lib/jvm/java-1.8.0-openjdk-1.8.0.161-0.b14.el7_4.x86_64/jre/lib/amd64/jli/libjli.so
7f153373b000-7f1533750000 r-xp 00000000 ca:01 16849266                   /usr/lib64/libz.so.1.2.7
7f1533750000-7f153394f000 ---p 00015000 ca:01 16849266                   /usr/lib64/libz.so.1.2.7
7f153394f000-7f1533950000 r--p 00014000 ca:01 16849266                   /usr/lib64/libz.so.1.2.7
7f1533950000-7f1533951000 rw-p 00015000 ca:01 16849266                   /usr/lib64/libz.so.1.2.7
7f1533951000-7f1533968000 r-xp 00000000 ca:01 16819779                   /usr/lib64/libpthread-2.17.so
7f1533968000-7f1533b67000 ---p 00017000 ca:01 16819779                   /usr/lib64/libpthread-2.17.so
7f1533b67000-7f1533b68000 r--p 00016000 ca:01 16819779                   /usr/lib64/libpthread-2.17.so
7f1533b68000-7f1533b69000 rw-p 00017000 ca:01 16819779                   /usr/lib64/libpthread-2.17.so
7f1533b69000-7f1533b6d000 rw-p 00000000 00:00 0 
7f1533b6d000-7f1533b8e000 r-xp 00000000 ca:01 16819737                   /usr/lib64/ld-2.17.so
7f1533b8e000-7f1533b8f000 r--s 00001000 ca:01 58835696                   /usr/local/apache-maven-3.5.3/lib/jsr250-api-1.0.jar
7f1533b8f000-7f1533b90000 r--s 00006000 ca:01 58835691                   /usr/local/apache-maven-3.5.3/lib/maven-repository-metadata-3.5.3.jar
7f1533b90000-7f1533b92000 r--s 00002000 ca:01 58835688                   /usr/local/apache-maven-3.5.3/lib/plexus-cipher-1.7.jar
7f1533b92000-7f1533b93000 r--s 00006000 ca:01 58835687                   /usr/local/apache-maven-3.5.3/lib/plexus-sec-dispatcher-1.4.jar
7f1533b93000-7f1533b95000 r--s 00000000 ca:01 58835686                   /usr/local/apache-maven-3.5.3/lib/plexus-component-annotations-1.7.1.jar
7f1533b95000-7f1533b98000 r--s 00011000 ca:01 58835685                   /usr/local/apache-maven-3.5.3/lib/plexus-interpolation-1.24.jar
7f1533b98000-7f1533ba0000 r--s 0006e000 ca:01 58835684                   /usr/local/apache-maven-3.5.3/lib/commons-lang3-3.5.jar
7f1533ba0000-7f1533ba1000 r--s 00003000 ca:01 58835683                   /usr/local/apache-maven-3.5.3/lib/maven-builder-support-3.5.3.jar
7f1533ba1000-7f1533ba3000 r--s 00009000 ca:01 58835682                   /usr/local/apache-maven-3.5.3/lib/maven-settings-builder-3.5.3.jar
7f1533ba3000-7f1533ba7000 r--s 0003c000 ca:01 58835681                   /usr/local/apache-maven-3.5.3/lib/plexus-utils-3.1.0.jar
7f1533ba7000-7f1533ba8000 r--s 0000a000 ca:01 58835680                   /usr/local/apache-maven-3.5.3/lib/maven-settings-3.5.3.jar
7f1533ba8000-7f1533bc4000 rw-p 00000000 00:00 0 
7f1533bc4000-7f1533bfb000 ---p 00000000 00:00 0 
7f1533bfb000-7f1533c09000 rw-p 00000000 00:00 0 
7f1533c09000-7f1533c24000 ---p 00000000 00:00 0 
7f1533c24000-7f1533c40000 rw-p 00000000 00:00 0 
7f1533c40000-7f1533c77000 ---p 00000000 00:00 0 
7f1533c77000-7f1533c78000 rw-p 00000000 00:00 0 
7f1533c78000-7f1533c80000 rw-s 00000000 ca:01 84171230                   /tmp/hsperfdata_root/14231
7f1533c80000-7f1533c83000 ---p 00000000 00:00 0 
7f1533c83000-7f1533d86000 rw-p 00000000 00:00 0 
7f1533d86000-7f1533d89000 r--s 00016000 ca:01 58835679                   /usr/local/apache-maven-3.5.3/lib/maven-embedder-3.5.3.jar
7f1533d89000-7f1533d8b000 r--s 0000b000 ca:01 50829986                   /usr/local/apache-maven-3.5.3/boot/plexus-classworlds-2.5.2.jar
7f1533d8b000-7f1533d8c000 rw-p 00000000 00:00 0 
7f1533d8c000-7f1533d8d000 ---p 00000000 00:00 0 
7f1533d8d000-7f1533d8e000 rw-p 00000000 00:00 0 
7f1533d8e000-7f1533d8f000 r--p 00021000 ca:01 16819737                   /usr/lib64/ld-2.17.so
7f1533d8f000-7f1533d90000 rw-p 00022000 ca:01 16819737                   /usr/lib64/ld-2.17.so
7f1533d90000-7f1533d91000 rw-p 00000000 00:00 0 
7ffc9df60000-7ffc9df81000 rw-p 00000000 00:00 0                          [stack]
7ffc9dffe000-7ffc9e000000 r-xp 00000000 00:00 0                          [vdso]
ffffffffff600000-ffffffffff601000 r-xp 00000000 00:00 0                  [vsyscall]

VM Arguments:
jvm_args: -Dclassworlds.conf=/usr/local/maven/bin/m2.conf -Dmaven.home=/usr/local/maven -Dlibrary.jansi.path=/usr/local/maven/lib/jansi-native -Dmaven.multiModuleProjectDirectory=/home/centos/git/webapp 
java_command: org.codehaus.plexus.classworlds.launcher.Launcher install
java_class_path (initial): /usr/local/maven/boot/plexus-classworlds-2.5.2.jar
Launcher Type: SUN_STANDARD

Environment Variables:
PATH=/usr/local/maven/bin:/sbin:/bin:/usr/sbin:/usr/bin
USERNAME=root
SHELL=/bin/bash

Signal Handlers:
SIGSEGV: [libjvm.so+0xab4fe0], sa_mask[0]=11111111011111111101111111111110, sa_flags=SA_RESTART|SA_SIGINFO
SIGBUS: [libjvm.so+0xab4fe0], sa_mask[0]=11111111011111111101111111111110, sa_flags=SA_RESTART|SA_SIGINFO
SIGFPE: [libjvm.so+0x8ac640], sa_mask[0]=11111111011111111101111111111110, sa_flags=SA_RESTART|SA_SIGINFO
SIGPIPE: SIG_IGN, sa_mask[0]=00000000000000000000000000000000, sa_flags=none
SIGXFSZ: [libjvm.so+0x8ac640], sa_mask[0]=11111111011111111101111111111110, sa_flags=SA_RESTART|SA_SIGINFO
SIGILL: [libjvm.so+0x8ac640], sa_mask[0]=11111111011111111101111111111110, sa_flags=SA_RESTART|SA_SIGINFO
SIGUSR1: SIG_DFL, sa_mask[0]=00000000000000000000000000000000, sa_flags=none
SIGUSR2: [libjvm.so+0x8ac4f0], sa_mask[0]=00000000000000000000000000000000, sa_flags=SA_RESTART|SA_SIGINFO
SIGHUP: [libjvm.so+0x8ac700], sa_mask[0]=11111111011111111101111111111110, sa_flags=SA_RESTART|SA_SIGINFO
SIGINT: [libjvm.so+0x8ac700], sa_mask[0]=11111111011111111101111111111110, sa_flags=SA_RESTART|SA_SIGINFO
SIGTERM: [libjvm.so+0x8ac700], sa_mask[0]=11111111011111111101111111111110, sa_flags=SA_RESTART|SA_SIGINFO
SIGQUIT: [libjvm.so+0x8ac700], sa_mask[0]=11111111011111111101111111111110, sa_flags=SA_RESTART|SA_SIGINFO


---------------  S Y S T E M  ---------------

OS:CentOS Linux release 7.4.1708 (Core) 

uname:Linux 3.10.0-693.21.1.el7.x86_64 #1 SMP Wed Mar 7 19:03:37 UTC 2018 x86_64
libc:glibc 2.17 NPTL 2.17 
rlimit: STACK 8192k, CORE 0k, NPROC 3893, NOFILE 4096, AS infinity
load average:17.69 9.35 3.81

/proc/meminfo:
MemTotal:        1014548 kB
MemFree:           50144 kB
MemAvailable:          0 kB
Buffers:               0 kB
Cached:            14840 kB
SwapCached:            0 kB
Active:           869340 kB
Inactive:          14492 kB
Active(anon):     869208 kB
Inactive(anon):     6444 kB
Active(file):        132 kB
Inactive(file):     8048 kB
Unevictable:           0 kB
Mlocked:               0 kB
SwapTotal:             0 kB
SwapFree:              0 kB
Dirty:                 0 kB
Writeback:             0 kB
AnonPages:        869024 kB
Mapped:             2648 kB
Shmem:              6628 kB
Slab:              50276 kB
SReclaimable:      19952 kB
SUnreclaim:        30324 kB
KernelStack:        3840 kB
PageTables:         6804 kB
NFS_Unstable:          0 kB
Bounce:                0 kB
WritebackTmp:          0 kB
CommitLimit:      507272 kB
Committed_AS:    1084380 kB
VmallocTotal:   34359738367 kB
VmallocUsed:       12396 kB
VmallocChunk:   34359717628 kB
HardwareCorrupted:     0 kB
AnonHugePages:    200704 kB
HugePages_Total:       0
HugePages_Free:        0
HugePages_Rsvd:        0
HugePages_Surp:        0
Hugepagesize:       2048 kB
DirectMap4k:       45056 kB
DirectMap2M:     1003520 kB


CPU:total 1 (initial active 1) (1 cores per cpu, 1 threads per core) family 6 model 63 stepping 2, cmov, cx8, fxsr, mmx, sse, sse2, sse3, ssse3, sse4.1, sse4.2, popcnt, avx, avx2, aes, clmul, erms, lzcnt, tsc, bmi1, bmi2

/proc/cpuinfo:
processor	: 0
vendor_id	: GenuineIntel
cpu family	: 6
model		: 63
model name	: Intel(R) Xeon(R) CPU E5-2676 v3 @ 2.40GHz
stepping	: 2
microcode	: 0x3c
cpu MHz		: 2400.155
cache size	: 30720 KB
physical id	: 0
siblings	: 1
core id		: 0
cpu cores	: 1
apicid		: 0
initial apicid	: 0
fpu		: yes
fpu_exception	: yes
cpuid level	: 13
wp		: yes
flags		: fpu vme de pse tsc msr pae mce cx8 apic sep mtrr pge mca cmov pat pse36 clflush mmx fxsr sse sse2 ht syscall nx rdtscp lm constant_tsc rep_good nopl xtopology eagerfpu pni pclmulqdq ssse3 fma cx16 pcid sse4_1 sse4_2 x2apic movbe popcnt tsc_deadline_timer aes xsave avx f16c rdrand hypervisor lahf_lm abm invpcid_single fsgsbase bmi1 avx2 smep bmi2 erms invpcid xsaveopt
bogomips	: 4800.06
clflush size	: 64
cache_alignment	: 64
address sizes	: 46 bits physical, 48 bits virtual
power management:



Memory: 4k page, physical 1014548k(50144k free), swap 0k(0k free)

vm_info: OpenJDK 64-Bit Server VM (25.161-b14) for linux-amd64 JRE (1.8.0_161-b14), built on Jan 17 2018 16:35:30 by "mockbuild" with gcc 4.8.5 20150623 (Red Hat 4.8.5-16)

time: Mon Apr 16 19:16:29 2018
elapsed time: 190 seconds (0d 0h 3m 10s)

